Started GET "/" for ::1 at 2016-08-20 14:53:14 +0900
Processing by Rails::WelcomeController#index as HTML
  Parameters: {"internal"=>true}
  Rendering /Users/lifan/.rbenv/versions/2.3.0/lib/ruby/gems/2.3.0/gems/railties-5.0.0.1/lib/rails/templates/rails/welcome/index.html.erb
  Rendered /Users/lifan/.rbenv/versions/2.3.0/lib/ruby/gems/2.3.0/gems/railties-5.0.0.1/lib/rails/templates/rails/welcome/index.html.erb (6.1ms)
Completed 200 OK in 32ms (Views: 16.5ms | ActiveRecord: 0.0ms)


Started GET "/" for ::1 at 2016-08-20 14:53:22 +0900
Processing by Rails::WelcomeController#index as HTML
  Parameters: {"internal"=>true}
  Rendering /Users/lifan/.rbenv/versions/2.3.0/lib/ruby/gems/2.3.0/gems/railties-5.0.0.1/lib/rails/templates/rails/welcome/index.html.erb
  Rendered /Users/lifan/.rbenv/versions/2.3.0/lib/ruby/gems/2.3.0/gems/railties-5.0.0.1/lib/rails/templates/rails/welcome/index.html.erb (3.2ms)
Completed 200 OK in 9ms (Views: 6.0ms | ActiveRecord: 0.0ms)


Started GET "/" for ::1 at 2016-08-20 14:54:33 +0900
  
NoMethodError (undefined method `route' for #<ActionDispatch::Routing::Mapper:0x007fd50e25be90>):
  
config/routes.rb:4:in `block in <top (required)>'
config/routes.rb:1:in `<top (required)>'
  Rendering /Users/lifan/.rbenv/versions/2.3.0/lib/ruby/gems/2.3.0/gems/actionpack-5.0.0.1/lib/action_dispatch/middleware/templates/rescues/diagnostics.html.erb within rescues/layout
  Rendering /Users/lifan/.rbenv/versions/2.3.0/lib/ruby/gems/2.3.0/gems/actionpack-5.0.0.1/lib/action_dispatch/middleware/templates/rescues/_source.html.erb
  Rendered /Users/lifan/.rbenv/versions/2.3.0/lib/ruby/gems/2.3.0/gems/actionpack-5.0.0.1/lib/action_dispatch/middleware/templates/rescues/_source.html.erb (3.8ms)
  Rendering /Users/lifan/.rbenv/versions/2.3.0/lib/ruby/gems/2.3.0/gems/actionpack-5.0.0.1/lib/action_dispatch/middleware/templates/rescues/_trace.html.erb
  Rendered /Users/lifan/.rbenv/versions/2.3.0/lib/ruby/gems/2.3.0/gems/actionpack-5.0.0.1/lib/action_dispatch/middleware/templates/rescues/_trace.html.erb (2.4ms)
  Rendering /Users/lifan/.rbenv/versions/2.3.0/lib/ruby/gems/2.3.0/gems/actionpack-5.0.0.1/lib/action_dispatch/middleware/templates/rescues/_request_and_response.html.erb
  Rendered /Users/lifan/.rbenv/versions/2.3.0/lib/ruby/gems/2.3.0/gems/actionpack-5.0.0.1/lib/action_dispatch/middleware/templates/rescues/_request_and_response.html.erb (1.2ms)
  Rendered /Users/lifan/.rbenv/versions/2.3.0/lib/ruby/gems/2.3.0/gems/actionpack-5.0.0.1/lib/action_dispatch/middleware/templates/rescues/diagnostics.html.erb within rescues/layout (98.7ms)
Started GET "/" for ::1 at 2016-08-20 14:54:47 +0900
Processing by ApplicationController#hello as HTML
DEPRECATION WARNING: `render :text` is deprecated because it does not actually render a `text/plain` response. Switch to `render plain: 'plain text'` to render as `text/plain`, `render html: '<strong>HTML</strong>'` to render as `text/html`, or `render body: 'raw'` to match the deprecated behavior and render with the default Content-Type, which is `text/plain`. (called from hello at /Users/lifan/Documents/project/201608/wxstudent/app/controllers/application_controller.rb:5)
  Rendering text template
  Rendered text template (0.0ms)
Completed 200 OK in 4ms (Views: 3.1ms | ActiveRecord: 0.0ms)


  [1m[35m (1.8ms)[0m  [1m[35mCREATE TABLE "schema_migrations" ("version" varchar NOT NULL PRIMARY KEY)[0m
  [1m[35m (1.4ms)[0m  [1m[35mCREATE TABLE "ar_internal_metadata" ("key" varchar NOT NULL PRIMARY KEY, "value" varchar, "created_at" datetime NOT NULL, "updated_at" datetime NOT NULL)[0m
  [1m[36mActiveRecord::SchemaMigration Load (0.2ms)[0m  [1m[34mSELECT "schema_migrations".* FROM "schema_migrations"[0m
Migrating to CreateUsers (20160820064325)
  [1m[35m (0.1ms)[0m  [1m[36mbegin transaction[0m
  [1m[35m (0.4ms)[0m  [1m[35mCREATE TABLE "users" ("id" INTEGER PRIMARY KEY AUTOINCREMENT NOT NULL, "name" varchar, "email" varchar, "created_at" datetime NOT NULL, "updated_at" datetime NOT NULL)[0m
  [1m[35mSQL (0.2ms)[0m  [1m[32mINSERT INTO "schema_migrations" ("version") VALUES (?)[0m  [["version", "20160820064325"]]
  [1m[35m (0.8ms)[0m  [1m[36mcommit transaction[0m
  [1m[36mActiveRecord::InternalMetadata Load (0.2ms)[0m  [1m[34mSELECT  "ar_internal_metadata".* FROM "ar_internal_metadata" WHERE "ar_internal_metadata"."key" = ? LIMIT ?[0m  [["key", :environment], ["LIMIT", 1]]
  [1m[35m (0.1ms)[0m  [1m[36mbegin transaction[0m
  [1m[35mSQL (0.3ms)[0m  [1m[32mINSERT INTO "ar_internal_metadata" ("key", "value", "created_at", "updated_at") VALUES (?, ?, ?, ?)[0m  [["key", "environment"], ["value", "development"], ["created_at", 2016-08-20 06:43:47 UTC], ["updated_at", 2016-08-20 06:43:47 UTC]]
  [1m[35m (0.8ms)[0m  [1m[36mcommit transaction[0m
  [1m[36mActiveRecord::SchemaMigration Load (0.3ms)[0m  [1m[34mSELECT "schema_migrations".* FROM "schema_migrations"[0m
Started GET "/" for ::1 at 2016-08-20 15:44:00 +0900
  [1m[36mActiveRecord::SchemaMigration Load (0.7ms)[0m  [1m[34mSELECT "schema_migrations".* FROM "schema_migrations"[0m
Processing by ApplicationController#hello as HTML
DEPRECATION WARNING: `render :text` is deprecated because it does not actually render a `text/plain` response. Switch to `render plain: 'plain text'` to render as `text/plain`, `render html: '<strong>HTML</strong>'` to render as `text/html`, or `render body: 'raw'` to match the deprecated behavior and render with the default Content-Type, which is `text/plain`. (called from hello at /Users/lifan/Documents/project/201608/wxstudent/app/controllers/application_controller.rb:5)
  Rendering text template
  Rendered text template (0.0ms)
Completed 200 OK in 20ms (Views: 7.3ms | ActiveRecord: 0.0ms)


Started GET "/" for ::1 at 2016-08-20 15:44:00 +0900
Processing by ApplicationController#hello as HTML
DEPRECATION WARNING: `render :text` is deprecated because it does not actually render a `text/plain` response. Switch to `render plain: 'plain text'` to render as `text/plain`, `render html: '<strong>HTML</strong>'` to render as `text/html`, or `render body: 'raw'` to match the deprecated behavior and render with the default Content-Type, which is `text/plain`. (called from hello at /Users/lifan/Documents/project/201608/wxstudent/app/controllers/application_controller.rb:5)
  Rendering text template
  Rendered text template (0.0ms)
Completed 200 OK in 1ms (Views: 0.9ms | ActiveRecord: 0.0ms)


Started GET "/" for ::1 at 2016-08-20 15:47:07 +0900
Processing by UsersController#index as HTML
  Rendering users/index.html.erb within layouts/application
  [1m[36mUser Load (0.8ms)[0m  [1m[34mSELECT "users".* FROM "users"[0m
  Rendered users/index.html.erb within layouts/application (11.6ms)
Completed 200 OK in 987ms (Views: 978.1ms | ActiveRecord: 1.2ms)


Started GET "/users/new" for ::1 at 2016-08-20 15:47:12 +0900
Processing by UsersController#new as HTML
  Rendering users/new.html.erb within layouts/application
  Rendered users/_form.html.erb (34.1ms)
  Rendered users/new.html.erb within layouts/application (37.9ms)
Completed 200 OK in 97ms (Views: 83.1ms | ActiveRecord: 1.1ms)


